2024-11-28 02:47:02,451 [modloading-worker-0] WARN treasure2 | TreasureLootTableRegistry.java:173 | unable to locate file in jar -> data/treasure2/loot_tables/injects
2024-11-28 02:47:29,546 [main] INFO treasure2 | TreasureTags.java:135 | in tags updated event
2024-11-28 02:47:29,548 [main] INFO treasure2 | TreasureTags.java:152 | registering key -> treasure2:stone_key by rarity -> COMMON
2024-11-28 02:47:29,548 [main] INFO treasure2 | TreasureTags.java:152 | registering key -> treasure2:leaf_key by rarity -> UNCOMMON
2024-11-28 02:47:29,548 [main] INFO treasure2 | TreasureTags.java:152 | registering key -> treasure2:gold_key by rarity -> SCARCE
2024-11-28 02:47:29,549 [main] INFO treasure2 | TreasureTags.java:152 | registering key -> treasure2:diamond_key by rarity -> RARE
2024-11-28 02:47:29,549 [main] INFO treasure2 | TreasureTags.java:152 | registering key -> treasure2:thiefs_lock_pick by rarity -> UNCOMMON
2024-11-28 02:47:29,549 [main] INFO treasure2 | TreasureTags.java:152 | registering key -> treasure2:ember_key by rarity -> SCARCE
2024-11-28 02:47:29,549 [main] INFO treasure2 | TreasureTags.java:152 | registering key -> treasure2:wood_key by rarity -> COMMON
2024-11-28 02:47:29,549 [main] INFO treasure2 | TreasureTags.java:152 | registering key -> treasure2:metallurgists_key by rarity -> RARE
2024-11-28 02:47:29,549 [main] INFO treasure2 | TreasureTags.java:152 | registering key -> treasure2:skeleton_key by rarity -> RARE
2024-11-28 02:47:29,549 [main] INFO treasure2 | TreasureTags.java:152 | registering key -> treasure2:jewelled_key by rarity -> EPIC
2024-11-28 02:47:29,549 [main] INFO treasure2 | TreasureTags.java:152 | registering key -> treasure2:ruby_key by rarity -> EPIC
2024-11-28 02:47:29,549 [main] INFO treasure2 | TreasureTags.java:152 | registering key -> treasure2:onyx_key by rarity -> SCARCE
2024-11-28 02:47:29,550 [main] INFO treasure2 | TreasureTags.java:152 | registering key -> treasure2:emerald_key by rarity -> RARE
2024-11-28 02:47:29,550 [main] INFO treasure2 | TreasureTags.java:152 | registering key -> treasure2:lightning_key by rarity -> SCARCE
2024-11-28 02:47:29,550 [main] INFO treasure2 | TreasureTags.java:152 | registering key -> treasure2:topaz_key by rarity -> SCARCE
2024-11-28 02:47:29,550 [main] INFO treasure2 | TreasureTags.java:152 | registering key -> treasure2:sapphire_key by rarity -> EPIC
2024-11-28 02:47:29,550 [main] INFO treasure2 | TreasureTags.java:152 | registering key -> treasure2:pilferers_lock_pick by rarity -> COMMON
2024-11-28 02:47:29,550 [main] INFO treasure2 | TreasureTags.java:152 | registering key -> treasure2:iron_key by rarity -> UNCOMMON
2024-11-28 02:47:29,550 [main] INFO treasure2 | TreasureTags.java:152 | registering key -> treasure2:wither_key by rarity -> RARE
2024-11-28 02:47:29,550 [main] INFO treasure2 | TreasureTags.java:152 | registering key -> treasure2:spider_key by rarity -> SCARCE
2024-11-28 02:47:29,551 [main] INFO treasure2 | TreasureTags.java:152 | registering key -> treasure2:one_key by rarity -> MYTHICAL
2024-11-28 02:47:29,551 [main] INFO treasure2 | TreasureTags.java:167 | registering lock -> treasure2:onyx_lock by rarity -> SCARCE
2024-11-28 02:47:29,551 [main] INFO treasure2 | TreasureTags.java:167 | registering lock -> treasure2:spider_lock by rarity -> SCARCE
2024-11-28 02:47:29,551 [main] INFO treasure2 | TreasureTags.java:167 | registering lock -> treasure2:emerald_lock by rarity -> RARE
2024-11-28 02:47:29,552 [main] INFO treasure2 | TreasureTags.java:167 | registering lock -> treasure2:ruby_lock by rarity -> EPIC
2024-11-28 02:47:29,552 [main] INFO treasure2 | TreasureTags.java:167 | registering lock -> treasure2:stone_lock by rarity -> COMMON
2024-11-28 02:47:29,552 [main] INFO treasure2 | TreasureTags.java:167 | registering lock -> treasure2:leaf_lock by rarity -> UNCOMMON
2024-11-28 02:47:29,552 [main] INFO treasure2 | TreasureTags.java:167 | registering lock -> treasure2:sapphire_lock by rarity -> EPIC
2024-11-28 02:47:29,552 [main] INFO treasure2 | TreasureTags.java:167 | registering lock -> treasure2:diamond_lock by rarity -> RARE
2024-11-28 02:47:29,552 [main] INFO treasure2 | TreasureTags.java:167 | registering lock -> treasure2:ember_lock by rarity -> SCARCE
2024-11-28 02:47:29,552 [main] INFO treasure2 | TreasureTags.java:167 | registering lock -> treasure2:gold_lock by rarity -> SCARCE
2024-11-28 02:47:29,552 [main] INFO treasure2 | TreasureTags.java:167 | registering lock -> treasure2:wood_lock by rarity -> COMMON
2024-11-28 02:47:29,552 [main] INFO treasure2 | TreasureTags.java:167 | registering lock -> treasure2:iron_lock by rarity -> UNCOMMON
2024-11-28 02:47:29,553 [main] INFO treasure2 | TreasureTags.java:167 | registering lock -> treasure2:topaz_lock by rarity -> SCARCE
2024-11-28 02:47:29,553 [main] INFO treasure2 | TreasureTags.java:184 | registering chest -> treasure2:barrel_chest by rarity -> UNCOMMON
2024-11-28 02:47:29,553 [main] INFO treasure2 | TreasureTags.java:184 | registering chest -> treasure2:viking_chest by rarity -> UNCOMMON
2024-11-28 02:47:29,553 [main] INFO treasure2 | TreasureTags.java:184 | registering chest -> treasure2:pirate_chest by rarity -> SCARCE
2024-11-28 02:47:29,553 [main] INFO treasure2 | TreasureTags.java:184 | registering chest -> treasure2:safe by rarity -> RARE
2024-11-28 02:47:29,553 [main] INFO treasure2 | TreasureTags.java:184 | registering chest -> treasure2:cauldron_chest by rarity -> CAULDRON
2024-11-28 02:47:29,554 [main] INFO treasure2 | TreasureTags.java:184 | registering chest -> treasure2:crate_chest by rarity -> UNCOMMON
2024-11-28 02:47:29,554 [main] INFO treasure2 | TreasureTags.java:184 | registering chest -> treasure2:crate_chest_moldy by rarity -> COMMON
2024-11-28 02:47:29,554 [main] INFO treasure2 | TreasureTags.java:184 | registering chest -> treasure2:dread_pirate_chest by rarity -> EPIC
2024-11-28 02:47:29,554 [main] INFO treasure2 | TreasureTags.java:184 | registering chest -> treasure2:spider_chest by rarity -> RARE
2024-11-28 02:47:29,554 [main] INFO treasure2 | TreasureTags.java:184 | registering chest -> treasure2:ironbound_chest by rarity -> UNCOMMON
2024-11-28 02:47:29,554 [main] INFO treasure2 | TreasureTags.java:184 | registering chest -> treasure2:skull_chest by rarity -> SKULL
2024-11-28 02:47:29,554 [main] INFO treasure2 | TreasureTags.java:184 | registering chest -> treasure2:milk_crate by rarity -> COMMON
2024-11-28 02:47:29,554 [main] INFO treasure2 | TreasureTags.java:184 | registering chest -> treasure2:vanilla_chest by rarity -> COMMON
2024-11-28 02:47:29,555 [main] INFO treasure2 | TreasureTags.java:184 | registering chest -> treasure2:gold_skull_chest by rarity -> GOLD_SKULL
2024-11-28 02:47:29,555 [main] INFO treasure2 | TreasureTags.java:184 | registering chest -> treasure2:gold_strongbox by rarity -> RARE
2024-11-28 02:47:29,555 [main] INFO treasure2 | TreasureTags.java:184 | registering chest -> treasure2:iron_strongbox by rarity -> SCARCE
2024-11-28 02:47:29,555 [main] INFO treasure2 | TreasureTags.java:184 | registering chest -> treasure2:crystal_skull_chest by rarity -> CRYSTAL_SKULL
2024-11-28 02:47:29,555 [main] INFO treasure2 | TreasureTags.java:184 | registering chest -> treasure2:wood_chest by rarity -> COMMON
2024-11-28 02:47:29,555 [main] INFO treasure2 | TreasureTags.java:184 | registering chest -> treasure2:wither_chest by rarity -> WITHER
2024-11-28 02:47:29,555 [main] INFO treasure2 | TreasureTags.java:184 | registering chest -> treasure2:compressor_chest by rarity -> EPIC
2024-11-28 02:47:29,555 [main] INFO treasure2 | TreasureTags.java:184 | registering chest -> treasure2:cardboard_box by rarity -> COMMON
2024-11-28 02:47:29,556 [main] INFO treasure2 | TreasureTags.java:201 | registering wishable -> treasure2:onyx by rarity -> RARE
2024-11-28 02:47:29,556 [main] INFO treasure2 | TreasureTags.java:201 | registering wishable -> treasure2:ruby by rarity -> RARE
2024-11-28 02:47:29,556 [main] INFO treasure2 | TreasureTags.java:201 | registering wishable -> treasure2:white_pearl by rarity -> RARE
2024-11-28 02:47:29,556 [main] INFO treasure2 | TreasureTags.java:201 | registering wishable -> treasure2:sapphire by rarity -> EPIC
2024-11-28 02:47:29,556 [main] INFO treasure2 | TreasureTags.java:201 | registering wishable -> treasure2:black_pearl by rarity -> EPIC
2024-11-28 02:47:29,557 [main] INFO treasure2 | TreasureTags.java:201 | registering wishable -> treasure2:gold_coin by rarity -> SCARCE
2024-11-28 02:47:29,557 [main] INFO treasure2 | TreasureTags.java:201 | registering wishable -> treasure2:topaz by rarity -> SCARCE
2024-11-28 02:47:29,557 [main] INFO treasure2 | TreasureTags.java:201 | registering wishable -> minecraft:diamond by rarity -> SCARCE
2024-11-28 02:47:29,557 [main] INFO treasure2 | TreasureTags.java:201 | registering wishable -> minecraft:emerald by rarity -> SCARCE
2024-11-28 02:47:29,557 [main] INFO treasure2 | TreasureTags.java:201 | registering wishable -> treasure2:silver_coin by rarity -> UNCOMMON
2024-11-28 02:47:29,557 [main] INFO treasure2 | TreasureTags.java:201 | registering wishable -> treasure2:copper_coin by rarity -> COMMON
2024-11-28 02:47:30,499 [Thread-5] INFO treasure2 | Config.java:750 | transforming mob set config...
2024-11-28 02:47:30,505 [Thread-5] INFO treasure2 | Config.java:759 | adding mobset to map -> MobSet{name='treasure2:wishing_well_group', category='wishing_wells', biomeWhitelist=[], biomeBlacklist=[], count=IntegerRange [min=1, max=3], mobs=[WeightedMob{name='minecraft:zombie', weight=35}, WeightedMob{name='minecraft:zombie_villager', weight=10}, WeightedMob{name='minecraft:skeleton', weight=35}, WeightedMob{name='minecraft:vex', weight=20}, WeightedMob{name='minecraft:creeper', weight=15}, WeightedMob{name='minecraft:slime', weight=5}]}
2024-11-28 02:47:30,500 [Server thread] INFO treasure2 | Config.java:750 | transforming mob set config...
2024-11-28 02:47:30,506 [Server thread] INFO treasure2 | Config.java:759 | adding mobset to map -> MobSet{name='treasure2:wishing_well_group', category='wishing_wells', biomeWhitelist=[], biomeBlacklist=[], count=IntegerRange [min=1, max=3], mobs=[WeightedMob{name='minecraft:zombie', weight=35}, WeightedMob{name='minecraft:zombie_villager', weight=10}, WeightedMob{name='minecraft:skeleton', weight=35}, WeightedMob{name='minecraft:vex', weight=20}, WeightedMob{name='minecraft:creeper', weight=15}, WeightedMob{name='minecraft:slime', weight=5}]}
2024-11-28 02:47:30,507 [Thread-5] INFO treasure2 | Config.java:759 | adding mobset to map -> MobSet{name='treasure2:small_zombie_group', category='zombies', biomeWhitelist=[], biomeBlacklist=[], count=IntegerRange [min=1, max=3], mobs=[WeightedMob{name='minecraft:zombie', weight=90}, WeightedMob{name='minecraft:zombie_villager', weight=10}]}
2024-11-28 02:47:30,507 [Server thread] INFO treasure2 | Config.java:759 | adding mobset to map -> MobSet{name='treasure2:small_zombie_group', category='zombies', biomeWhitelist=[], biomeBlacklist=[], count=IntegerRange [min=1, max=3], mobs=[WeightedMob{name='minecraft:zombie', weight=90}, WeightedMob{name='minecraft:zombie_villager', weight=10}]}
2024-11-28 02:47:30,507 [Server thread] INFO treasure2 | Config.java:759 | adding mobset to map -> MobSet{name='treasure2:medium_zombie_group', category='zombies', biomeWhitelist=[], biomeBlacklist=[], count=IntegerRange [min=2, max=5], mobs=[WeightedMob{name='minecraft:zombie', weight=90}, WeightedMob{name='minecraft:zombie_villager', weight=10}]}
2024-11-28 02:47:30,507 [Thread-5] INFO treasure2 | Config.java:759 | adding mobset to map -> MobSet{name='treasure2:medium_zombie_group', category='zombies', biomeWhitelist=[], biomeBlacklist=[], count=IntegerRange [min=2, max=5], mobs=[WeightedMob{name='minecraft:zombie', weight=90}, WeightedMob{name='minecraft:zombie_villager', weight=10}]}
2024-11-28 02:47:30,508 [Thread-5] INFO treasure2 | Config.java:750 | transforming mob set config...
2024-11-28 02:47:30,509 [Thread-5] INFO treasure2 | Config.java:759 | adding mobset to map -> MobSet{name='treasure2:wishing_well_group', category='wishing_wells', biomeWhitelist=[], biomeBlacklist=[], count=IntegerRange [min=1, max=3], mobs=[WeightedMob{name='minecraft:zombie', weight=35}, WeightedMob{name='minecraft:zombie_villager', weight=10}, WeightedMob{name='minecraft:skeleton', weight=35}, WeightedMob{name='minecraft:vex', weight=20}, WeightedMob{name='minecraft:creeper', weight=15}, WeightedMob{name='minecraft:slime', weight=5}]}
2024-11-28 02:47:30,510 [Thread-5] INFO treasure2 | Config.java:759 | adding mobset to map -> MobSet{name='treasure2:small_zombie_group', category='zombies', biomeWhitelist=[], biomeBlacklist=[], count=IntegerRange [min=1, max=3], mobs=[WeightedMob{name='minecraft:zombie', weight=90}, WeightedMob{name='minecraft:zombie_villager', weight=10}]}
2024-11-28 02:47:30,510 [Thread-5] INFO treasure2 | Config.java:759 | adding mobset to map -> MobSet{name='treasure2:medium_zombie_group', category='zombies', biomeWhitelist=[], biomeBlacklist=[], count=IntegerRange [min=2, max=5], mobs=[WeightedMob{name='minecraft:zombie', weight=90}, WeightedMob{name='minecraft:zombie_villager', weight=10}]}
2024-11-28 02:47:30,511 [Thread-5] INFO treasure2 | Config.java:750 | transforming mob set config...
2024-11-28 02:47:30,513 [Thread-5] INFO treasure2 | Config.java:759 | adding mobset to map -> MobSet{name='treasure2:wishing_well_group', category='wishing_wells', biomeWhitelist=[], biomeBlacklist=[], count=IntegerRange [min=1, max=3], mobs=[WeightedMob{name='minecraft:zombie', weight=35}, WeightedMob{name='minecraft:zombie_villager', weight=10}, WeightedMob{name='minecraft:skeleton', weight=35}, WeightedMob{name='minecraft:vex', weight=20}, WeightedMob{name='minecraft:creeper', weight=15}, WeightedMob{name='minecraft:slime', weight=5}]}
2024-11-28 02:47:30,514 [Thread-5] INFO treasure2 | Config.java:759 | adding mobset to map -> MobSet{name='treasure2:small_zombie_group', category='zombies', biomeWhitelist=[], biomeBlacklist=[], count=IntegerRange [min=1, max=3], mobs=[WeightedMob{name='minecraft:zombie', weight=90}, WeightedMob{name='minecraft:zombie_villager', weight=10}]}
2024-11-28 02:47:30,514 [Thread-5] INFO treasure2 | Config.java:759 | adding mobset to map -> MobSet{name='treasure2:medium_zombie_group', category='zombies', biomeWhitelist=[], biomeBlacklist=[], count=IntegerRange [min=2, max=5], mobs=[WeightedMob{name='minecraft:zombie', weight=90}, WeightedMob{name='minecraft:zombie_villager', weight=10}]}
2024-11-28 02:47:34,739 [Server thread] INFO treasure2 | WorldEventHandler.java:54 | In world load event
2024-11-28 02:47:34,740 [Server thread] INFO treasure2 | WorldEventHandler.java:64 | In world load event for dimension minecraft:overworld
2024-11-28 02:47:34,752 [Server thread] INFO treasure2 | MobSetRegistry.java:37 | mobSetConfig optional ...
2024-11-28 02:47:34,753 [Server thread] INFO treasure2 | MobSetRegistry.java:39 | mobSetConfig is present
2024-11-28 02:47:35,207 [Server thread] WARN treasure2 | TreasureTemplateRegistry.java:791 | biome -> 'minecraft:desert' is not registgered
2024-11-28 02:47:35,207 [Server thread] WARN treasure2 | TreasureTemplateRegistry.java:791 | biome -> 'minecraft:desert' is not registgered
2024-11-28 02:47:35,208 [Server thread] WARN treasure2 | TreasureTemplateRegistry.java:791 | biome -> 'minecraft:desert' is not registgered
2024-11-28 02:47:35,208 [Server thread] WARN treasure2 | TreasureTemplateRegistry.java:791 | biome -> 'minecraft:desert' is not registgered
2024-11-28 02:47:35,208 [Server thread] WARN treasure2 | TreasureTemplateRegistry.java:791 | biome -> 'minecraft:desert' is not registgered
2024-11-28 02:47:35,208 [Server thread] WARN treasure2 | TreasureTemplateRegistry.java:791 | biome -> 'minecraft:desert' is not registgered
2024-11-28 02:47:35,208 [Server thread] WARN treasure2 | TreasureTemplateRegistry.java:791 | biome -> 'minecraft:desert' is not registgered
2024-11-28 02:47:35,208 [Server thread] WARN treasure2 | TreasureTemplateRegistry.java:791 | biome -> 'minecraft:desert' is not registgered
2024-11-28 02:47:42,302 [Server thread] INFO treasure2 | WorldEventHandler.java:54 | In world load event
2024-11-28 02:47:42,302 [Server thread] INFO treasure2 | WorldEventHandler.java:64 | In world load event for dimension minecraft:the_nether
2024-11-28 02:47:42,369 [Server thread] INFO treasure2 | WorldEventHandler.java:54 | In world load event
2024-11-28 02:47:42,369 [Server thread] INFO treasure2 | WorldEventHandler.java:64 | In world load event for dimension minecraft:the_end
2024-11-28 02:48:15,127 [Server thread] INFO treasure2 | Config.java:750 | transforming mob set config...
2024-11-28 02:48:15,128 [Server thread] INFO treasure2 | Config.java:759 | adding mobset to map -> MobSet{name='treasure2:wishing_well_group', category='wishing_wells', biomeWhitelist=[], biomeBlacklist=[], count=IntegerRange [min=1, max=3], mobs=[WeightedMob{name='minecraft:zombie', weight=35}, WeightedMob{name='minecraft:zombie_villager', weight=10}, WeightedMob{name='minecraft:skeleton', weight=35}, WeightedMob{name='minecraft:vex', weight=20}, WeightedMob{name='minecraft:creeper', weight=15}, WeightedMob{name='minecraft:slime', weight=5}]}
2024-11-28 02:48:15,128 [Server thread] INFO treasure2 | Config.java:759 | adding mobset to map -> MobSet{name='treasure2:small_zombie_group', category='zombies', biomeWhitelist=[], biomeBlacklist=[], count=IntegerRange [min=1, max=3], mobs=[WeightedMob{name='minecraft:zombie', weight=90}, WeightedMob{name='minecraft:zombie_villager', weight=10}]}
2024-11-28 02:48:15,128 [Server thread] INFO treasure2 | Config.java:759 | adding mobset to map -> MobSet{name='treasure2:medium_zombie_group', category='zombies', biomeWhitelist=[], biomeBlacklist=[], count=IntegerRange [min=2, max=5], mobs=[WeightedMob{name='minecraft:zombie', weight=90}, WeightedMob{name='minecraft:zombie_villager', weight=10}]}
2024-11-28 22:29:40,509 [modloading-worker-0] WARN treasure2 | TreasureLootTableRegistry.java:173 | unable to locate file in jar -> data/treasure2/loot_tables/injects
2024-11-28 22:30:01,170 [main] INFO treasure2 | TreasureTags.java:135 | in tags updated event
2024-11-28 22:30:01,171 [main] INFO treasure2 | TreasureTags.java:152 | registering key -> treasure2:stone_key by rarity -> COMMON
2024-11-28 22:30:01,171 [main] INFO treasure2 | TreasureTags.java:152 | registering key -> treasure2:leaf_key by rarity -> UNCOMMON
2024-11-28 22:30:01,171 [main] INFO treasure2 | TreasureTags.java:152 | registering key -> treasure2:gold_key by rarity -> SCARCE
2024-11-28 22:30:01,171 [main] INFO treasure2 | TreasureTags.java:152 | registering key -> treasure2:diamond_key by rarity -> RARE
2024-11-28 22:30:01,171 [main] INFO treasure2 | TreasureTags.java:152 | registering key -> treasure2:thiefs_lock_pick by rarity -> UNCOMMON
2024-11-28 22:30:01,172 [main] INFO treasure2 | TreasureTags.java:152 | registering key -> treasure2:ember_key by rarity -> SCARCE
2024-11-28 22:30:01,172 [main] INFO treasure2 | TreasureTags.java:152 | registering key -> treasure2:wood_key by rarity -> COMMON
2024-11-28 22:30:01,172 [main] INFO treasure2 | TreasureTags.java:152 | registering key -> treasure2:metallurgists_key by rarity -> RARE
2024-11-28 22:30:01,172 [main] INFO treasure2 | TreasureTags.java:152 | registering key -> treasure2:skeleton_key by rarity -> RARE
2024-11-28 22:30:01,172 [main] INFO treasure2 | TreasureTags.java:152 | registering key -> treasure2:jewelled_key by rarity -> EPIC
2024-11-28 22:30:01,172 [main] INFO treasure2 | TreasureTags.java:152 | registering key -> treasure2:ruby_key by rarity -> EPIC
2024-11-28 22:30:01,172 [main] INFO treasure2 | TreasureTags.java:152 | registering key -> treasure2:onyx_key by rarity -> SCARCE
2024-11-28 22:30:01,172 [main] INFO treasure2 | TreasureTags.java:152 | registering key -> treasure2:emerald_key by rarity -> RARE
2024-11-28 22:30:01,172 [main] INFO treasure2 | TreasureTags.java:152 | registering key -> treasure2:lightning_key by rarity -> SCARCE
2024-11-28 22:30:01,172 [main] INFO treasure2 | TreasureTags.java:152 | registering key -> treasure2:topaz_key by rarity -> SCARCE
2024-11-28 22:30:01,173 [main] INFO treasure2 | TreasureTags.java:152 | registering key -> treasure2:sapphire_key by rarity -> EPIC
2024-11-28 22:30:01,173 [main] INFO treasure2 | TreasureTags.java:152 | registering key -> treasure2:pilferers_lock_pick by rarity -> COMMON
2024-11-28 22:30:01,173 [main] INFO treasure2 | TreasureTags.java:152 | registering key -> treasure2:iron_key by rarity -> UNCOMMON
2024-11-28 22:30:01,173 [main] INFO treasure2 | TreasureTags.java:152 | registering key -> treasure2:wither_key by rarity -> RARE
2024-11-28 22:30:01,173 [main] INFO treasure2 | TreasureTags.java:152 | registering key -> treasure2:spider_key by rarity -> SCARCE
2024-11-28 22:30:01,173 [main] INFO treasure2 | TreasureTags.java:152 | registering key -> treasure2:one_key by rarity -> MYTHICAL
2024-11-28 22:30:01,173 [main] INFO treasure2 | TreasureTags.java:167 | registering lock -> treasure2:onyx_lock by rarity -> SCARCE
2024-11-28 22:30:01,173 [main] INFO treasure2 | TreasureTags.java:167 | registering lock -> treasure2:spider_lock by rarity -> SCARCE
2024-11-28 22:30:01,174 [main] INFO treasure2 | TreasureTags.java:167 | registering lock -> treasure2:emerald_lock by rarity -> RARE
2024-11-28 22:30:01,174 [main] INFO treasure2 | TreasureTags.java:167 | registering lock -> treasure2:ruby_lock by rarity -> EPIC
2024-11-28 22:30:01,174 [main] INFO treasure2 | TreasureTags.java:167 | registering lock -> treasure2:stone_lock by rarity -> COMMON
2024-11-28 22:30:01,174 [main] INFO treasure2 | TreasureTags.java:167 | registering lock -> treasure2:leaf_lock by rarity -> UNCOMMON
2024-11-28 22:30:01,174 [main] INFO treasure2 | TreasureTags.java:167 | registering lock -> treasure2:sapphire_lock by rarity -> EPIC
2024-11-28 22:30:01,174 [main] INFO treasure2 | TreasureTags.java:167 | registering lock -> treasure2:diamond_lock by rarity -> RARE
2024-11-28 22:30:01,174 [main] INFO treasure2 | TreasureTags.java:167 | registering lock -> treasure2:ember_lock by rarity -> SCARCE
2024-11-28 22:30:01,174 [main] INFO treasure2 | TreasureTags.java:167 | registering lock -> treasure2:gold_lock by rarity -> SCARCE
2024-11-28 22:30:01,174 [main] INFO treasure2 | TreasureTags.java:167 | registering lock -> treasure2:wood_lock by rarity -> COMMON
2024-11-28 22:30:01,174 [main] INFO treasure2 | TreasureTags.java:167 | registering lock -> treasure2:iron_lock by rarity -> UNCOMMON
2024-11-28 22:30:01,174 [main] INFO treasure2 | TreasureTags.java:167 | registering lock -> treasure2:topaz_lock by rarity -> SCARCE
2024-11-28 22:30:01,175 [main] INFO treasure2 | TreasureTags.java:184 | registering chest -> treasure2:barrel_chest by rarity -> UNCOMMON
2024-11-28 22:30:01,175 [main] INFO treasure2 | TreasureTags.java:184 | registering chest -> treasure2:viking_chest by rarity -> UNCOMMON
2024-11-28 22:30:01,175 [main] INFO treasure2 | TreasureTags.java:184 | registering chest -> treasure2:pirate_chest by rarity -> SCARCE
2024-11-28 22:30:01,175 [main] INFO treasure2 | TreasureTags.java:184 | registering chest -> treasure2:safe by rarity -> RARE
2024-11-28 22:30:01,175 [main] INFO treasure2 | TreasureTags.java:184 | registering chest -> treasure2:cauldron_chest by rarity -> CAULDRON
2024-11-28 22:30:01,175 [main] INFO treasure2 | TreasureTags.java:184 | registering chest -> treasure2:crate_chest by rarity -> UNCOMMON
2024-11-28 22:30:01,175 [main] INFO treasure2 | TreasureTags.java:184 | registering chest -> treasure2:crate_chest_moldy by rarity -> COMMON
2024-11-28 22:30:01,175 [main] INFO treasure2 | TreasureTags.java:184 | registering chest -> treasure2:dread_pirate_chest by rarity -> EPIC
2024-11-28 22:30:01,175 [main] INFO treasure2 | TreasureTags.java:184 | registering chest -> treasure2:spider_chest by rarity -> RARE
2024-11-28 22:30:01,175 [main] INFO treasure2 | TreasureTags.java:184 | registering chest -> treasure2:ironbound_chest by rarity -> UNCOMMON
2024-11-28 22:30:01,175 [main] INFO treasure2 | TreasureTags.java:184 | registering chest -> treasure2:skull_chest by rarity -> SKULL
2024-11-28 22:30:01,175 [main] INFO treasure2 | TreasureTags.java:184 | registering chest -> treasure2:milk_crate by rarity -> COMMON
2024-11-28 22:30:01,175 [main] INFO treasure2 | TreasureTags.java:184 | registering chest -> treasure2:vanilla_chest by rarity -> COMMON
2024-11-28 22:30:01,175 [main] INFO treasure2 | TreasureTags.java:184 | registering chest -> treasure2:gold_skull_chest by rarity -> GOLD_SKULL
2024-11-28 22:30:01,176 [main] INFO treasure2 | TreasureTags.java:184 | registering chest -> treasure2:gold_strongbox by rarity -> RARE
2024-11-28 22:30:01,176 [main] INFO treasure2 | TreasureTags.java:184 | registering chest -> treasure2:iron_strongbox by rarity -> SCARCE
2024-11-28 22:30:01,176 [main] INFO treasure2 | TreasureTags.java:184 | registering chest -> treasure2:crystal_skull_chest by rarity -> CRYSTAL_SKULL
2024-11-28 22:30:01,176 [main] INFO treasure2 | TreasureTags.java:184 | registering chest -> treasure2:wood_chest by rarity -> COMMON
2024-11-28 22:30:01,176 [main] INFO treasure2 | TreasureTags.java:184 | registering chest -> treasure2:wither_chest by rarity -> WITHER
2024-11-28 22:30:01,176 [main] INFO treasure2 | TreasureTags.java:184 | registering chest -> treasure2:compressor_chest by rarity -> EPIC
2024-11-28 22:30:01,176 [main] INFO treasure2 | TreasureTags.java:184 | registering chest -> treasure2:cardboard_box by rarity -> COMMON
2024-11-28 22:30:01,176 [main] INFO treasure2 | TreasureTags.java:201 | registering wishable -> treasure2:onyx by rarity -> RARE
2024-11-28 22:30:01,176 [main] INFO treasure2 | TreasureTags.java:201 | registering wishable -> treasure2:ruby by rarity -> RARE
2024-11-28 22:30:01,176 [main] INFO treasure2 | TreasureTags.java:201 | registering wishable -> treasure2:white_pearl by rarity -> RARE
2024-11-28 22:30:01,176 [main] INFO treasure2 | TreasureTags.java:201 | registering wishable -> treasure2:sapphire by rarity -> EPIC
2024-11-28 22:30:01,176 [main] INFO treasure2 | TreasureTags.java:201 | registering wishable -> treasure2:black_pearl by rarity -> EPIC
2024-11-28 22:30:01,177 [main] INFO treasure2 | TreasureTags.java:201 | registering wishable -> treasure2:gold_coin by rarity -> SCARCE
2024-11-28 22:30:01,177 [main] INFO treasure2 | TreasureTags.java:201 | registering wishable -> treasure2:topaz by rarity -> SCARCE
2024-11-28 22:30:01,177 [main] INFO treasure2 | TreasureTags.java:201 | registering wishable -> minecraft:diamond by rarity -> SCARCE
2024-11-28 22:30:01,177 [main] INFO treasure2 | TreasureTags.java:201 | registering wishable -> minecraft:emerald by rarity -> SCARCE
2024-11-28 22:30:01,177 [main] INFO treasure2 | TreasureTags.java:201 | registering wishable -> treasure2:silver_coin by rarity -> UNCOMMON
2024-11-28 22:30:01,177 [main] INFO treasure2 | TreasureTags.java:201 | registering wishable -> treasure2:copper_coin by rarity -> COMMON
2024-11-28 22:30:01,814 [Thread-5] INFO treasure2 | Config.java:750 | transforming mob set config...
2024-11-28 22:30:01,814 [Server thread] INFO treasure2 | Config.java:750 | transforming mob set config...
2024-11-28 22:30:01,818 [Thread-5] INFO treasure2 | Config.java:759 | adding mobset to map -> MobSet{name='treasure2:wishing_well_group', category='wishing_wells', biomeWhitelist=[], biomeBlacklist=[], count=IntegerRange [min=1, max=3], mobs=[WeightedMob{name='minecraft:zombie', weight=35}, WeightedMob{name='minecraft:zombie_villager', weight=10}, WeightedMob{name='minecraft:skeleton', weight=35}, WeightedMob{name='minecraft:vex', weight=20}, WeightedMob{name='minecraft:creeper', weight=15}, WeightedMob{name='minecraft:slime', weight=5}]}
2024-11-28 22:30:01,819 [Thread-5] INFO treasure2 | Config.java:759 | adding mobset to map -> MobSet{name='treasure2:small_zombie_group', category='zombies', biomeWhitelist=[], biomeBlacklist=[], count=IntegerRange [min=1, max=3], mobs=[WeightedMob{name='minecraft:zombie', weight=90}, WeightedMob{name='minecraft:zombie_villager', weight=10}]}
2024-11-28 22:30:01,819 [Thread-5] INFO treasure2 | Config.java:759 | adding mobset to map -> MobSet{name='treasure2:medium_zombie_group', category='zombies', biomeWhitelist=[], biomeBlacklist=[], count=IntegerRange [min=2, max=5], mobs=[WeightedMob{name='minecraft:zombie', weight=90}, WeightedMob{name='minecraft:zombie_villager', weight=10}]}
2024-11-28 22:30:01,819 [Server thread] INFO treasure2 | Config.java:759 | adding mobset to map -> MobSet{name='treasure2:wishing_well_group', category='wishing_wells', biomeWhitelist=[], biomeBlacklist=[], count=IntegerRange [min=1, max=3], mobs=[WeightedMob{name='minecraft:zombie', weight=35}, WeightedMob{name='minecraft:zombie_villager', weight=10}, WeightedMob{name='minecraft:skeleton', weight=35}, WeightedMob{name='minecraft:vex', weight=20}, WeightedMob{name='minecraft:creeper', weight=15}, WeightedMob{name='minecraft:slime', weight=5}]}
2024-11-28 22:30:01,819 [Server thread] INFO treasure2 | Config.java:759 | adding mobset to map -> MobSet{name='treasure2:small_zombie_group', category='zombies', biomeWhitelist=[], biomeBlacklist=[], count=IntegerRange [min=1, max=3], mobs=[WeightedMob{name='minecraft:zombie', weight=90}, WeightedMob{name='minecraft:zombie_villager', weight=10}]}
2024-11-28 22:30:01,820 [Server thread] INFO treasure2 | Config.java:759 | adding mobset to map -> MobSet{name='treasure2:medium_zombie_group', category='zombies', biomeWhitelist=[], biomeBlacklist=[], count=IntegerRange [min=2, max=5], mobs=[WeightedMob{name='minecraft:zombie', weight=90}, WeightedMob{name='minecraft:zombie_villager', weight=10}]}
2024-11-28 22:30:01,820 [Thread-5] INFO treasure2 | Config.java:750 | transforming mob set config...
2024-11-28 22:30:01,820 [Thread-5] INFO treasure2 | Config.java:759 | adding mobset to map -> MobSet{name='treasure2:wishing_well_group', category='wishing_wells', biomeWhitelist=[], biomeBlacklist=[], count=IntegerRange [min=1, max=3], mobs=[WeightedMob{name='minecraft:zombie', weight=35}, WeightedMob{name='minecraft:zombie_villager', weight=10}, WeightedMob{name='minecraft:skeleton', weight=35}, WeightedMob{name='minecraft:vex', weight=20}, WeightedMob{name='minecraft:creeper', weight=15}, WeightedMob{name='minecraft:slime', weight=5}]}
2024-11-28 22:30:01,821 [Thread-5] INFO treasure2 | Config.java:759 | adding mobset to map -> MobSet{name='treasure2:small_zombie_group', category='zombies', biomeWhitelist=[], biomeBlacklist=[], count=IntegerRange [min=1, max=3], mobs=[WeightedMob{name='minecraft:zombie', weight=90}, WeightedMob{name='minecraft:zombie_villager', weight=10}]}
2024-11-28 22:30:01,821 [Thread-5] INFO treasure2 | Config.java:759 | adding mobset to map -> MobSet{name='treasure2:medium_zombie_group', category='zombies', biomeWhitelist=[], biomeBlacklist=[], count=IntegerRange [min=2, max=5], mobs=[WeightedMob{name='minecraft:zombie', weight=90}, WeightedMob{name='minecraft:zombie_villager', weight=10}]}
2024-11-28 22:30:01,822 [Thread-5] INFO treasure2 | Config.java:750 | transforming mob set config...
2024-11-28 22:30:01,823 [Thread-5] INFO treasure2 | Config.java:759 | adding mobset to map -> MobSet{name='treasure2:wishing_well_group', category='wishing_wells', biomeWhitelist=[], biomeBlacklist=[], count=IntegerRange [min=1, max=3], mobs=[WeightedMob{name='minecraft:zombie', weight=35}, WeightedMob{name='minecraft:zombie_villager', weight=10}, WeightedMob{name='minecraft:skeleton', weight=35}, WeightedMob{name='minecraft:vex', weight=20}, WeightedMob{name='minecraft:creeper', weight=15}, WeightedMob{name='minecraft:slime', weight=5}]}
2024-11-28 22:30:01,824 [Thread-5] INFO treasure2 | Config.java:759 | adding mobset to map -> MobSet{name='treasure2:small_zombie_group', category='zombies', biomeWhitelist=[], biomeBlacklist=[], count=IntegerRange [min=1, max=3], mobs=[WeightedMob{name='minecraft:zombie', weight=90}, WeightedMob{name='minecraft:zombie_villager', weight=10}]}
2024-11-28 22:30:01,824 [Thread-5] INFO treasure2 | Config.java:759 | adding mobset to map -> MobSet{name='treasure2:medium_zombie_group', category='zombies', biomeWhitelist=[], biomeBlacklist=[], count=IntegerRange [min=2, max=5], mobs=[WeightedMob{name='minecraft:zombie', weight=90}, WeightedMob{name='minecraft:zombie_villager', weight=10}]}
2024-11-28 22:30:03,290 [Server thread] INFO treasure2 | WorldEventHandler.java:54 | In world load event
2024-11-28 22:30:03,291 [Server thread] INFO treasure2 | WorldEventHandler.java:64 | In world load event for dimension minecraft:overworld
2024-11-28 22:30:03,308 [Server thread] INFO treasure2 | MobSetRegistry.java:37 | mobSetConfig optional ...
2024-11-28 22:30:03,308 [Server thread] INFO treasure2 | MobSetRegistry.java:39 | mobSetConfig is present
2024-11-28 22:30:03,702 [Server thread] WARN treasure2 | TreasureTemplateRegistry.java:791 | biome -> 'minecraft:desert' is not registgered
2024-11-28 22:30:03,702 [Server thread] WARN treasure2 | TreasureTemplateRegistry.java:791 | biome -> 'minecraft:desert' is not registgered
2024-11-28 22:30:03,702 [Server thread] WARN treasure2 | TreasureTemplateRegistry.java:791 | biome -> 'minecraft:desert' is not registgered
2024-11-28 22:30:03,702 [Server thread] WARN treasure2 | TreasureTemplateRegistry.java:791 | biome -> 'minecraft:desert' is not registgered
2024-11-28 22:30:03,703 [Server thread] WARN treasure2 | TreasureTemplateRegistry.java:791 | biome -> 'minecraft:desert' is not registgered
2024-11-28 22:30:03,703 [Server thread] WARN treasure2 | TreasureTemplateRegistry.java:791 | biome -> 'minecraft:desert' is not registgered
2024-11-28 22:30:03,703 [Server thread] WARN treasure2 | TreasureTemplateRegistry.java:791 | biome -> 'minecraft:desert' is not registgered
2024-11-28 22:30:03,703 [Server thread] WARN treasure2 | TreasureTemplateRegistry.java:791 | biome -> 'minecraft:desert' is not registgered
2024-11-28 22:30:23,655 [Server thread] INFO treasure2 | WorldEventHandler.java:54 | In world load event
2024-11-28 22:30:23,655 [Server thread] INFO treasure2 | WorldEventHandler.java:64 | In world load event for dimension minecraft:the_nether
2024-11-28 22:30:23,691 [Server thread] INFO treasure2 | WorldEventHandler.java:54 | In world load event
2024-11-28 22:30:23,691 [Server thread] INFO treasure2 | WorldEventHandler.java:64 | In world load event for dimension minecraft:the_end
2024-11-28 22:32:36,239 [Server thread] INFO treasure2 | AbstractTreasureChestBlock.java:162 | AbstractTreasureChestBlock | newBlockEntity | lockStates -> [LockState [slot=LockSlot [index=0, face=NORTH, xOffset=0.5, yOffset=0.3, zOffset=0.05, rotation=0.0], lockItem=null], LockState [slot=LockSlot [index=1, face=EAST, xOffset=0.95, yOffset=0.3, zOffset=0.5, rotation=90.0], lockItem=null], LockState [slot=LockSlot [index=2, face=WEST, xOffset=0.05, yOffset=0.3, zOffset=0.5, rotation=-90.0], lockItem=null]]
2024-11-28 22:32:36,240 [Server thread] INFO treasure2 | AbstractTreasureChestBlock.java:163 | AbstractTreasureChestBlock | newBlockEntity | tileEntity -> mod.gottsch.forge.treasure2.core.block.entity.WoodChestBlockEntity@115febd @ BlockPos{x=408, y=55, z=647}
2024-11-28 22:32:36,333 [Server thread] INFO treasure2 | PitChestFeatureGenerator.java:130 | CHEATER! COMMON chest at coords: 411 67 647
2024-11-28 22:33:55,282 [Server thread] INFO treasure2 | Config.java:750 | transforming mob set config...
2024-11-28 22:33:55,283 [Server thread] INFO treasure2 | Config.java:759 | adding mobset to map -> MobSet{name='treasure2:wishing_well_group', category='wishing_wells', biomeWhitelist=[], biomeBlacklist=[], count=IntegerRange [min=1, max=3], mobs=[WeightedMob{name='minecraft:zombie', weight=35}, WeightedMob{name='minecraft:zombie_villager', weight=10}, WeightedMob{name='minecraft:skeleton', weight=35}, WeightedMob{name='minecraft:vex', weight=20}, WeightedMob{name='minecraft:creeper', weight=15}, WeightedMob{name='minecraft:slime', weight=5}]}
2024-11-28 22:33:55,283 [Server thread] INFO treasure2 | Config.java:759 | adding mobset to map -> MobSet{name='treasure2:small_zombie_group', category='zombies', biomeWhitelist=[], biomeBlacklist=[], count=IntegerRange [min=1, max=3], mobs=[WeightedMob{name='minecraft:zombie', weight=90}, WeightedMob{name='minecraft:zombie_villager', weight=10}]}
2024-11-28 22:33:55,283 [Server thread] INFO treasure2 | Config.java:759 | adding mobset to map -> MobSet{name='treasure2:medium_zombie_group', category='zombies', biomeWhitelist=[], biomeBlacklist=[], count=IntegerRange [min=2, max=5], mobs=[WeightedMob{name='minecraft:zombie', weight=90}, WeightedMob{name='minecraft:zombie_villager', weight=10}]}
2024-11-28 22:39:05,498 [modloading-worker-0] WARN treasure2 | TreasureLootTableRegistry.java:173 | unable to locate file in jar -> data/treasure2/loot_tables/injects
2024-11-28 22:39:46,064 [main] INFO treasure2 | TreasureTags.java:135 | in tags updated event
2024-11-28 22:39:46,065 [main] INFO treasure2 | TreasureTags.java:152 | registering key -> treasure2:stone_key by rarity -> COMMON
2024-11-28 22:39:46,065 [main] INFO treasure2 | TreasureTags.java:152 | registering key -> treasure2:leaf_key by rarity -> UNCOMMON
2024-11-28 22:39:46,066 [main] INFO treasure2 | TreasureTags.java:152 | registering key -> treasure2:gold_key by rarity -> SCARCE
2024-11-28 22:39:46,066 [main] INFO treasure2 | TreasureTags.java:152 | registering key -> treasure2:diamond_key by rarity -> RARE
2024-11-28 22:39:46,066 [main] INFO treasure2 | TreasureTags.java:152 | registering key -> treasure2:thiefs_lock_pick by rarity -> UNCOMMON
2024-11-28 22:39:46,066 [main] INFO treasure2 | TreasureTags.java:152 | registering key -> treasure2:ember_key by rarity -> SCARCE
2024-11-28 22:39:46,067 [main] INFO treasure2 | TreasureTags.java:152 | registering key -> treasure2:wood_key by rarity -> COMMON
2024-11-28 22:39:46,067 [main] INFO treasure2 | TreasureTags.java:152 | registering key -> treasure2:metallurgists_key by rarity -> RARE
2024-11-28 22:39:46,067 [main] INFO treasure2 | TreasureTags.java:152 | registering key -> treasure2:skeleton_key by rarity -> RARE
2024-11-28 22:39:46,067 [main] INFO treasure2 | TreasureTags.java:152 | registering key -> treasure2:jewelled_key by rarity -> EPIC
2024-11-28 22:39:46,068 [main] INFO treasure2 | TreasureTags.java:152 | registering key -> treasure2:ruby_key by rarity -> EPIC
2024-11-28 22:39:46,068 [main] INFO treasure2 | TreasureTags.java:152 | registering key -> treasure2:onyx_key by rarity -> SCARCE
2024-11-28 22:39:46,068 [main] INFO treasure2 | TreasureTags.java:152 | registering key -> treasure2:emerald_key by rarity -> RARE
2024-11-28 22:39:46,068 [main] INFO treasure2 | TreasureTags.java:152 | registering key -> treasure2:lightning_key by rarity -> SCARCE
2024-11-28 22:39:46,069 [main] INFO treasure2 | TreasureTags.java:152 | registering key -> treasure2:topaz_key by rarity -> SCARCE
2024-11-28 22:39:46,069 [main] INFO treasure2 | TreasureTags.java:152 | registering key -> treasure2:sapphire_key by rarity -> EPIC
2024-11-28 22:39:46,069 [main] INFO treasure2 | TreasureTags.java:152 | registering key -> treasure2:pilferers_lock_pick by rarity -> COMMON
2024-11-28 22:39:46,069 [main] INFO treasure2 | TreasureTags.java:152 | registering key -> treasure2:iron_key by rarity -> UNCOMMON
2024-11-28 22:39:46,070 [main] INFO treasure2 | TreasureTags.java:152 | registering key -> treasure2:wither_key by rarity -> RARE
2024-11-28 22:39:46,070 [main] INFO treasure2 | TreasureTags.java:152 | registering key -> treasure2:spider_key by rarity -> SCARCE
2024-11-28 22:39:46,070 [main] INFO treasure2 | TreasureTags.java:152 | registering key -> treasure2:one_key by rarity -> MYTHICAL
2024-11-28 22:39:46,071 [main] INFO treasure2 | TreasureTags.java:167 | registering lock -> treasure2:onyx_lock by rarity -> SCARCE
2024-11-28 22:39:46,071 [main] INFO treasure2 | TreasureTags.java:167 | registering lock -> treasure2:spider_lock by rarity -> SCARCE
2024-11-28 22:39:46,071 [main] INFO treasure2 | TreasureTags.java:167 | registering lock -> treasure2:emerald_lock by rarity -> RARE
2024-11-28 22:39:46,071 [main] INFO treasure2 | TreasureTags.java:167 | registering lock -> treasure2:ruby_lock by rarity -> EPIC
2024-11-28 22:39:46,072 [main] INFO treasure2 | TreasureTags.java:167 | registering lock -> treasure2:stone_lock by rarity -> COMMON
2024-11-28 22:39:46,072 [main] INFO treasure2 | TreasureTags.java:167 | registering lock -> treasure2:leaf_lock by rarity -> UNCOMMON
2024-11-28 22:39:46,072 [main] INFO treasure2 | TreasureTags.java:167 | registering lock -> treasure2:sapphire_lock by rarity -> EPIC
2024-11-28 22:39:46,072 [main] INFO treasure2 | TreasureTags.java:167 | registering lock -> treasure2:diamond_lock by rarity -> RARE
2024-11-28 22:39:46,073 [main] INFO treasure2 | TreasureTags.java:167 | registering lock -> treasure2:ember_lock by rarity -> SCARCE
2024-11-28 22:39:46,073 [main] INFO treasure2 | TreasureTags.java:167 | registering lock -> treasure2:gold_lock by rarity -> SCARCE
2024-11-28 22:39:46,073 [main] INFO treasure2 | TreasureTags.java:167 | registering lock -> treasure2:wood_lock by rarity -> COMMON
2024-11-28 22:39:46,073 [main] INFO treasure2 | TreasureTags.java:167 | registering lock -> treasure2:iron_lock by rarity -> UNCOMMON
2024-11-28 22:39:46,074 [main] INFO treasure2 | TreasureTags.java:167 | registering lock -> treasure2:topaz_lock by rarity -> SCARCE
2024-11-28 22:39:46,074 [main] INFO treasure2 | TreasureTags.java:184 | registering chest -> treasure2:barrel_chest by rarity -> UNCOMMON
2024-11-28 22:39:46,074 [main] INFO treasure2 | TreasureTags.java:184 | registering chest -> treasure2:viking_chest by rarity -> UNCOMMON
2024-11-28 22:39:46,075 [main] INFO treasure2 | TreasureTags.java:184 | registering chest -> treasure2:pirate_chest by rarity -> SCARCE
2024-11-28 22:39:46,075 [main] INFO treasure2 | TreasureTags.java:184 | registering chest -> treasure2:safe by rarity -> RARE
2024-11-28 22:39:46,075 [main] INFO treasure2 | TreasureTags.java:184 | registering chest -> treasure2:cauldron_chest by rarity -> CAULDRON
2024-11-28 22:39:46,075 [main] INFO treasure2 | TreasureTags.java:184 | registering chest -> treasure2:crate_chest by rarity -> UNCOMMON
2024-11-28 22:39:46,075 [main] INFO treasure2 | TreasureTags.java:184 | registering chest -> treasure2:crate_chest_moldy by rarity -> COMMON
2024-11-28 22:39:46,076 [main] INFO treasure2 | TreasureTags.java:184 | registering chest -> treasure2:dread_pirate_chest by rarity -> EPIC
2024-11-28 22:39:46,076 [main] INFO treasure2 | TreasureTags.java:184 | registering chest -> treasure2:spider_chest by rarity -> RARE
2024-11-28 22:39:46,076 [main] INFO treasure2 | TreasureTags.java:184 | registering chest -> treasure2:ironbound_chest by rarity -> UNCOMMON
2024-11-28 22:39:46,076 [main] INFO treasure2 | TreasureTags.java:184 | registering chest -> treasure2:skull_chest by rarity -> SKULL
2024-11-28 22:39:46,077 [main] INFO treasure2 | TreasureTags.java:184 | registering chest -> treasure2:milk_crate by rarity -> COMMON
2024-11-28 22:39:46,077 [main] INFO treasure2 | TreasureTags.java:184 | registering chest -> treasure2:vanilla_chest by rarity -> COMMON
2024-11-28 22:39:46,077 [main] INFO treasure2 | TreasureTags.java:184 | registering chest -> treasure2:gold_skull_chest by rarity -> GOLD_SKULL
2024-11-28 22:39:46,077 [main] INFO treasure2 | TreasureTags.java:184 | registering chest -> treasure2:gold_strongbox by rarity -> RARE
2024-11-28 22:39:46,078 [main] INFO treasure2 | TreasureTags.java:184 | registering chest -> treasure2:iron_strongbox by rarity -> SCARCE
2024-11-28 22:39:46,078 [main] INFO treasure2 | TreasureTags.java:184 | registering chest -> treasure2:crystal_skull_chest by rarity -> CRYSTAL_SKULL
2024-11-28 22:39:46,078 [main] INFO treasure2 | TreasureTags.java:184 | registering chest -> treasure2:wood_chest by rarity -> COMMON
2024-11-28 22:39:46,078 [main] INFO treasure2 | TreasureTags.java:184 | registering chest -> treasure2:wither_chest by rarity -> WITHER
2024-11-28 22:39:46,078 [main] INFO treasure2 | TreasureTags.java:184 | registering chest -> treasure2:compressor_chest by rarity -> EPIC
2024-11-28 22:39:46,079 [main] INFO treasure2 | TreasureTags.java:184 | registering chest -> treasure2:cardboard_box by rarity -> COMMON
2024-11-28 22:39:46,079 [main] INFO treasure2 | TreasureTags.java:201 | registering wishable -> treasure2:onyx by rarity -> RARE
2024-11-28 22:39:46,079 [main] INFO treasure2 | TreasureTags.java:201 | registering wishable -> treasure2:ruby by rarity -> RARE
2024-11-28 22:39:46,080 [main] INFO treasure2 | TreasureTags.java:201 | registering wishable -> treasure2:white_pearl by rarity -> RARE
2024-11-28 22:39:46,080 [main] INFO treasure2 | TreasureTags.java:201 | registering wishable -> treasure2:sapphire by rarity -> EPIC
2024-11-28 22:39:46,080 [main] INFO treasure2 | TreasureTags.java:201 | registering wishable -> treasure2:black_pearl by rarity -> EPIC
2024-11-28 22:39:46,081 [main] INFO treasure2 | TreasureTags.java:201 | registering wishable -> treasure2:gold_coin by rarity -> SCARCE
2024-11-28 22:39:46,081 [main] INFO treasure2 | TreasureTags.java:201 | registering wishable -> treasure2:topaz by rarity -> SCARCE
2024-11-28 22:39:46,081 [main] INFO treasure2 | TreasureTags.java:201 | registering wishable -> minecraft:diamond by rarity -> SCARCE
2024-11-28 22:39:46,081 [main] INFO treasure2 | TreasureTags.java:201 | registering wishable -> minecraft:emerald by rarity -> SCARCE
2024-11-28 22:39:46,081 [main] INFO treasure2 | TreasureTags.java:201 | registering wishable -> treasure2:silver_coin by rarity -> UNCOMMON
2024-11-28 22:39:46,081 [main] INFO treasure2 | TreasureTags.java:201 | registering wishable -> treasure2:copper_coin by rarity -> COMMON
2024-11-28 22:39:46,923 [Server thread] INFO treasure2 | Config.java:750 | transforming mob set config...
2024-11-28 22:39:46,931 [Server thread] INFO treasure2 | Config.java:759 | adding mobset to map -> MobSet{name='treasure2:wishing_well_group', category='wishing_wells', biomeWhitelist=[], biomeBlacklist=[], count=IntegerRange [min=1, max=3], mobs=[WeightedMob{name='minecraft:zombie', weight=35}, WeightedMob{name='minecraft:zombie_villager', weight=10}, WeightedMob{name='minecraft:skeleton', weight=35}, WeightedMob{name='minecraft:vex', weight=20}, WeightedMob{name='minecraft:creeper', weight=15}, WeightedMob{name='minecraft:slime', weight=5}]}
2024-11-28 22:39:46,931 [Server thread] INFO treasure2 | Config.java:759 | adding mobset to map -> MobSet{name='treasure2:small_zombie_group', category='zombies', biomeWhitelist=[], biomeBlacklist=[], count=IntegerRange [min=1, max=3], mobs=[WeightedMob{name='minecraft:zombie', weight=90}, WeightedMob{name='minecraft:zombie_villager', weight=10}]}
2024-11-28 22:39:46,932 [Server thread] INFO treasure2 | Config.java:759 | adding mobset to map -> MobSet{name='treasure2:medium_zombie_group', category='zombies', biomeWhitelist=[], biomeBlacklist=[], count=IntegerRange [min=2, max=5], mobs=[WeightedMob{name='minecraft:zombie', weight=90}, WeightedMob{name='minecraft:zombie_villager', weight=10}]}
2024-11-28 22:39:46,933 [Thread-5] INFO treasure2 | Config.java:750 | transforming mob set config...
2024-11-28 22:39:46,936 [Thread-5] INFO treasure2 | Config.java:759 | adding mobset to map -> MobSet{name='treasure2:wishing_well_group', category='wishing_wells', biomeWhitelist=[], biomeBlacklist=[], count=IntegerRange [min=1, max=3], mobs=[WeightedMob{name='minecraft:zombie', weight=35}, WeightedMob{name='minecraft:zombie_villager', weight=10}, WeightedMob{name='minecraft:skeleton', weight=35}, WeightedMob{name='minecraft:vex', weight=20}, WeightedMob{name='minecraft:creeper', weight=15}, WeightedMob{name='minecraft:slime', weight=5}]}
2024-11-28 22:39:46,937 [Thread-5] INFO treasure2 | Config.java:759 | adding mobset to map -> MobSet{name='treasure2:small_zombie_group', category='zombies', biomeWhitelist=[], biomeBlacklist=[], count=IntegerRange [min=1, max=3], mobs=[WeightedMob{name='minecraft:zombie', weight=90}, WeightedMob{name='minecraft:zombie_villager', weight=10}]}
2024-11-28 22:39:46,937 [Thread-5] INFO treasure2 | Config.java:759 | adding mobset to map -> MobSet{name='treasure2:medium_zombie_group', category='zombies', biomeWhitelist=[], biomeBlacklist=[], count=IntegerRange [min=2, max=5], mobs=[WeightedMob{name='minecraft:zombie', weight=90}, WeightedMob{name='minecraft:zombie_villager', weight=10}]}
2024-11-28 22:39:46,938 [Thread-5] INFO treasure2 | Config.java:750 | transforming mob set config...
2024-11-28 22:39:46,939 [Thread-5] INFO treasure2 | Config.java:759 | adding mobset to map -> MobSet{name='treasure2:wishing_well_group', category='wishing_wells', biomeWhitelist=[], biomeBlacklist=[], count=IntegerRange [min=1, max=3], mobs=[WeightedMob{name='minecraft:zombie', weight=35}, WeightedMob{name='minecraft:zombie_villager', weight=10}, WeightedMob{name='minecraft:skeleton', weight=35}, WeightedMob{name='minecraft:vex', weight=20}, WeightedMob{name='minecraft:creeper', weight=15}, WeightedMob{name='minecraft:slime', weight=5}]}
2024-11-28 22:39:46,939 [Thread-5] INFO treasure2 | Config.java:759 | adding mobset to map -> MobSet{name='treasure2:small_zombie_group', category='zombies', biomeWhitelist=[], biomeBlacklist=[], count=IntegerRange [min=1, max=3], mobs=[WeightedMob{name='minecraft:zombie', weight=90}, WeightedMob{name='minecraft:zombie_villager', weight=10}]}
2024-11-28 22:39:46,940 [Thread-5] INFO treasure2 | Config.java:759 | adding mobset to map -> MobSet{name='treasure2:medium_zombie_group', category='zombies', biomeWhitelist=[], biomeBlacklist=[], count=IntegerRange [min=2, max=5], mobs=[WeightedMob{name='minecraft:zombie', weight=90}, WeightedMob{name='minecraft:zombie_villager', weight=10}]}
2024-11-28 22:39:47,508 [Server thread] INFO treasure2 | WorldEventHandler.java:54 | In world load event
2024-11-28 22:39:47,509 [Server thread] INFO treasure2 | WorldEventHandler.java:64 | In world load event for dimension minecraft:overworld
2024-11-28 22:39:47,515 [Server thread] INFO treasure2 | MobSetRegistry.java:37 | mobSetConfig optional ...
2024-11-28 22:39:47,516 [Server thread] INFO treasure2 | MobSetRegistry.java:39 | mobSetConfig is present
2024-11-28 22:39:47,798 [Server thread] WARN treasure2 | TreasureTemplateRegistry.java:791 | biome -> 'minecraft:desert' is not registgered
2024-11-28 22:39:47,798 [Server thread] WARN treasure2 | TreasureTemplateRegistry.java:791 | biome -> 'minecraft:desert' is not registgered
2024-11-28 22:39:47,798 [Server thread] WARN treasure2 | TreasureTemplateRegistry.java:791 | biome -> 'minecraft:desert' is not registgered
2024-11-28 22:39:47,798 [Server thread] WARN treasure2 | TreasureTemplateRegistry.java:791 | biome -> 'minecraft:desert' is not registgered
2024-11-28 22:39:47,799 [Server thread] WARN treasure2 | TreasureTemplateRegistry.java:791 | biome -> 'minecraft:desert' is not registgered
2024-11-28 22:39:47,799 [Server thread] WARN treasure2 | TreasureTemplateRegistry.java:791 | biome -> 'minecraft:desert' is not registgered
2024-11-28 22:39:47,799 [Server thread] WARN treasure2 | TreasureTemplateRegistry.java:791 | biome -> 'minecraft:desert' is not registgered
2024-11-28 22:39:47,809 [Server thread] WARN treasure2 | TreasureTemplateRegistry.java:791 | biome -> 'minecraft:desert' is not registgered
2024-11-28 22:39:53,756 [Server thread] INFO treasure2 | WorldEventHandler.java:54 | In world load event
2024-11-28 22:39:53,756 [Server thread] INFO treasure2 | WorldEventHandler.java:64 | In world load event for dimension minecraft:the_end
2024-11-28 22:39:53,765 [Server thread] INFO treasure2 | WorldEventHandler.java:54 | In world load event
2024-11-28 22:39:53,765 [Server thread] INFO treasure2 | WorldEventHandler.java:64 | In world load event for dimension minecraft:the_nether
2024-11-28 22:56:36,574 [modloading-worker-0] WARN treasure2 | TreasureLootTableRegistry.java:173 | unable to locate file in jar -> data/treasure2/loot_tables/injects
2024-11-28 22:58:39,528 [main] INFO treasure2 | TreasureTags.java:135 | in tags updated event
2024-11-28 22:58:39,529 [main] INFO treasure2 | TreasureTags.java:152 | registering key -> treasure2:stone_key by rarity -> COMMON
2024-11-28 22:58:39,530 [main] INFO treasure2 | TreasureTags.java:152 | registering key -> treasure2:leaf_key by rarity -> UNCOMMON
2024-11-28 22:58:39,530 [main] INFO treasure2 | TreasureTags.java:152 | registering key -> treasure2:gold_key by rarity -> SCARCE
2024-11-28 22:58:39,530 [main] INFO treasure2 | TreasureTags.java:152 | registering key -> treasure2:diamond_key by rarity -> RARE
2024-11-28 22:58:39,530 [main] INFO treasure2 | TreasureTags.java:152 | registering key -> treasure2:thiefs_lock_pick by rarity -> UNCOMMON
2024-11-28 22:58:39,530 [main] INFO treasure2 | TreasureTags.java:152 | registering key -> treasure2:ember_key by rarity -> SCARCE
2024-11-28 22:58:39,530 [main] INFO treasure2 | TreasureTags.java:152 | registering key -> treasure2:wood_key by rarity -> COMMON
2024-11-28 22:58:39,531 [main] INFO treasure2 | TreasureTags.java:152 | registering key -> treasure2:metallurgists_key by rarity -> RARE
2024-11-28 22:58:39,531 [main] INFO treasure2 | TreasureTags.java:152 | registering key -> treasure2:skeleton_key by rarity -> RARE
2024-11-28 22:58:39,531 [main] INFO treasure2 | TreasureTags.java:152 | registering key -> treasure2:jewelled_key by rarity -> EPIC
2024-11-28 22:58:39,531 [main] INFO treasure2 | TreasureTags.java:152 | registering key -> treasure2:ruby_key by rarity -> EPIC
2024-11-28 22:58:39,531 [main] INFO treasure2 | TreasureTags.java:152 | registering key -> treasure2:onyx_key by rarity -> SCARCE
2024-11-28 22:58:39,531 [main] INFO treasure2 | TreasureTags.java:152 | registering key -> treasure2:emerald_key by rarity -> RARE
2024-11-28 22:58:39,532 [main] INFO treasure2 | TreasureTags.java:152 | registering key -> treasure2:lightning_key by rarity -> SCARCE
2024-11-28 22:58:39,532 [main] INFO treasure2 | TreasureTags.java:152 | registering key -> treasure2:topaz_key by rarity -> SCARCE
2024-11-28 22:58:39,532 [main] INFO treasure2 | TreasureTags.java:152 | registering key -> treasure2:sapphire_key by rarity -> EPIC
2024-11-28 22:58:39,532 [main] INFO treasure2 | TreasureTags.java:152 | registering key -> treasure2:pilferers_lock_pick by rarity -> COMMON
2024-11-28 22:58:39,532 [main] INFO treasure2 | TreasureTags.java:152 | registering key -> treasure2:iron_key by rarity -> UNCOMMON
2024-11-28 22:58:39,532 [main] INFO treasure2 | TreasureTags.java:152 | registering key -> treasure2:wither_key by rarity -> RARE
2024-11-28 22:58:39,533 [main] INFO treasure2 | TreasureTags.java:152 | registering key -> treasure2:spider_key by rarity -> SCARCE
2024-11-28 22:58:39,533 [main] INFO treasure2 | TreasureTags.java:152 | registering key -> treasure2:one_key by rarity -> MYTHICAL
2024-11-28 22:58:39,533 [main] INFO treasure2 | TreasureTags.java:167 | registering lock -> treasure2:onyx_lock by rarity -> SCARCE
2024-11-28 22:58:39,533 [main] INFO treasure2 | TreasureTags.java:167 | registering lock -> treasure2:spider_lock by rarity -> SCARCE
2024-11-28 22:58:39,533 [main] INFO treasure2 | TreasureTags.java:167 | registering lock -> treasure2:emerald_lock by rarity -> RARE
2024-11-28 22:58:39,534 [main] INFO treasure2 | TreasureTags.java:167 | registering lock -> treasure2:ruby_lock by rarity -> EPIC
2024-11-28 22:58:39,534 [main] INFO treasure2 | TreasureTags.java:167 | registering lock -> treasure2:stone_lock by rarity -> COMMON
2024-11-28 22:58:39,534 [main] INFO treasure2 | TreasureTags.java:167 | registering lock -> treasure2:leaf_lock by rarity -> UNCOMMON
2024-11-28 22:58:39,534 [main] INFO treasure2 | TreasureTags.java:167 | registering lock -> treasure2:sapphire_lock by rarity -> EPIC
2024-11-28 22:58:39,534 [main] INFO treasure2 | TreasureTags.java:167 | registering lock -> treasure2:diamond_lock by rarity -> RARE
2024-11-28 22:58:39,534 [main] INFO treasure2 | TreasureTags.java:167 | registering lock -> treasure2:ember_lock by rarity -> SCARCE
2024-11-28 22:58:39,535 [main] INFO treasure2 | TreasureTags.java:167 | registering lock -> treasure2:gold_lock by rarity -> SCARCE
2024-11-28 22:58:39,535 [main] INFO treasure2 | TreasureTags.java:167 | registering lock -> treasure2:wood_lock by rarity -> COMMON
2024-11-28 22:58:39,535 [main] INFO treasure2 | TreasureTags.java:167 | registering lock -> treasure2:iron_lock by rarity -> UNCOMMON
2024-11-28 22:58:39,535 [main] INFO treasure2 | TreasureTags.java:167 | registering lock -> treasure2:topaz_lock by rarity -> SCARCE
2024-11-28 22:58:39,535 [main] INFO treasure2 | TreasureTags.java:184 | registering chest -> treasure2:barrel_chest by rarity -> UNCOMMON
2024-11-28 22:58:39,536 [main] INFO treasure2 | TreasureTags.java:184 | registering chest -> treasure2:viking_chest by rarity -> UNCOMMON
2024-11-28 22:58:39,536 [main] INFO treasure2 | TreasureTags.java:184 | registering chest -> treasure2:pirate_chest by rarity -> SCARCE
2024-11-28 22:58:39,536 [main] INFO treasure2 | TreasureTags.java:184 | registering chest -> treasure2:safe by rarity -> RARE
2024-11-28 22:58:39,536 [main] INFO treasure2 | TreasureTags.java:184 | registering chest -> treasure2:cauldron_chest by rarity -> CAULDRON
2024-11-28 22:58:39,536 [main] INFO treasure2 | TreasureTags.java:184 | registering chest -> treasure2:crate_chest by rarity -> UNCOMMON
2024-11-28 22:58:39,536 [main] INFO treasure2 | TreasureTags.java:184 | registering chest -> treasure2:crate_chest_moldy by rarity -> COMMON
2024-11-28 22:58:39,537 [main] INFO treasure2 | TreasureTags.java:184 | registering chest -> treasure2:dread_pirate_chest by rarity -> EPIC
2024-11-28 22:58:39,537 [main] INFO treasure2 | TreasureTags.java:184 | registering chest -> treasure2:spider_chest by rarity -> RARE
2024-11-28 22:58:39,537 [main] INFO treasure2 | TreasureTags.java:184 | registering chest -> treasure2:ironbound_chest by rarity -> UNCOMMON
2024-11-28 22:58:39,537 [main] INFO treasure2 | TreasureTags.java:184 | registering chest -> treasure2:skull_chest by rarity -> SKULL
2024-11-28 22:58:39,537 [main] INFO treasure2 | TreasureTags.java:184 | registering chest -> treasure2:milk_crate by rarity -> COMMON
2024-11-28 22:58:39,537 [main] INFO treasure2 | TreasureTags.java:184 | registering chest -> treasure2:vanilla_chest by rarity -> COMMON
2024-11-28 22:58:39,538 [main] INFO treasure2 | TreasureTags.java:184 | registering chest -> treasure2:gold_skull_chest by rarity -> GOLD_SKULL
2024-11-28 22:58:39,538 [main] INFO treasure2 | TreasureTags.java:184 | registering chest -> treasure2:gold_strongbox by rarity -> RARE
2024-11-28 22:58:39,538 [main] INFO treasure2 | TreasureTags.java:184 | registering chest -> treasure2:iron_strongbox by rarity -> SCARCE
2024-11-28 22:58:39,538 [main] INFO treasure2 | TreasureTags.java:184 | registering chest -> treasure2:crystal_skull_chest by rarity -> CRYSTAL_SKULL
2024-11-28 22:58:39,538 [main] INFO treasure2 | TreasureTags.java:184 | registering chest -> treasure2:wood_chest by rarity -> COMMON
2024-11-28 22:58:39,538 [main] INFO treasure2 | TreasureTags.java:184 | registering chest -> treasure2:wither_chest by rarity -> WITHER
2024-11-28 22:58:39,538 [main] INFO treasure2 | TreasureTags.java:184 | registering chest -> treasure2:compressor_chest by rarity -> EPIC
2024-11-28 22:58:39,538 [main] INFO treasure2 | TreasureTags.java:184 | registering chest -> treasure2:cardboard_box by rarity -> COMMON
2024-11-28 22:58:39,539 [main] INFO treasure2 | TreasureTags.java:201 | registering wishable -> treasure2:onyx by rarity -> RARE
2024-11-28 22:58:39,539 [main] INFO treasure2 | TreasureTags.java:201 | registering wishable -> treasure2:ruby by rarity -> RARE
2024-11-28 22:58:39,539 [main] INFO treasure2 | TreasureTags.java:201 | registering wishable -> treasure2:white_pearl by rarity -> RARE
2024-11-28 22:58:39,539 [main] INFO treasure2 | TreasureTags.java:201 | registering wishable -> treasure2:sapphire by rarity -> EPIC
2024-11-28 22:58:39,539 [main] INFO treasure2 | TreasureTags.java:201 | registering wishable -> treasure2:black_pearl by rarity -> EPIC
2024-11-28 22:58:39,539 [main] INFO treasure2 | TreasureTags.java:201 | registering wishable -> treasure2:gold_coin by rarity -> SCARCE
2024-11-28 22:58:39,539 [main] INFO treasure2 | TreasureTags.java:201 | registering wishable -> treasure2:topaz by rarity -> SCARCE
2024-11-28 22:58:39,539 [main] INFO treasure2 | TreasureTags.java:201 | registering wishable -> minecraft:diamond by rarity -> SCARCE
2024-11-28 22:58:39,539 [main] INFO treasure2 | TreasureTags.java:201 | registering wishable -> minecraft:emerald by rarity -> SCARCE
2024-11-28 22:58:39,539 [main] INFO treasure2 | TreasureTags.java:201 | registering wishable -> treasure2:silver_coin by rarity -> UNCOMMON
2024-11-28 22:58:39,539 [main] INFO treasure2 | TreasureTags.java:201 | registering wishable -> treasure2:copper_coin by rarity -> COMMON
2024-11-28 22:58:40,063 [Server thread] INFO treasure2 | Config.java:750 | transforming mob set config...
2024-11-28 22:58:40,068 [Server thread] INFO treasure2 | Config.java:759 | adding mobset to map -> MobSet{name='treasure2:wishing_well_group', category='wishing_wells', biomeWhitelist=[], biomeBlacklist=[], count=IntegerRange [min=1, max=3], mobs=[WeightedMob{name='minecraft:zombie', weight=35}, WeightedMob{name='minecraft:zombie_villager', weight=10}, WeightedMob{name='minecraft:skeleton', weight=35}, WeightedMob{name='minecraft:vex', weight=20}, WeightedMob{name='minecraft:creeper', weight=15}, WeightedMob{name='minecraft:slime', weight=5}]}
2024-11-28 22:58:40,068 [Server thread] INFO treasure2 | Config.java:759 | adding mobset to map -> MobSet{name='treasure2:small_zombie_group', category='zombies', biomeWhitelist=[], biomeBlacklist=[], count=IntegerRange [min=1, max=3], mobs=[WeightedMob{name='minecraft:zombie', weight=90}, WeightedMob{name='minecraft:zombie_villager', weight=10}]}
2024-11-28 22:58:40,068 [Server thread] INFO treasure2 | Config.java:759 | adding mobset to map -> MobSet{name='treasure2:medium_zombie_group', category='zombies', biomeWhitelist=[], biomeBlacklist=[], count=IntegerRange [min=2, max=5], mobs=[WeightedMob{name='minecraft:zombie', weight=90}, WeightedMob{name='minecraft:zombie_villager', weight=10}]}
2024-11-28 22:58:40,069 [Thread-5] INFO treasure2 | Config.java:750 | transforming mob set config...
2024-11-28 22:58:40,071 [Thread-5] INFO treasure2 | Config.java:759 | adding mobset to map -> MobSet{name='treasure2:wishing_well_group', category='wishing_wells', biomeWhitelist=[], biomeBlacklist=[], count=IntegerRange [min=1, max=3], mobs=[WeightedMob{name='minecraft:zombie', weight=35}, WeightedMob{name='minecraft:zombie_villager', weight=10}, WeightedMob{name='minecraft:skeleton', weight=35}, WeightedMob{name='minecraft:vex', weight=20}, WeightedMob{name='minecraft:creeper', weight=15}, WeightedMob{name='minecraft:slime', weight=5}]}
2024-11-28 22:58:40,071 [Thread-5] INFO treasure2 | Config.java:759 | adding mobset to map -> MobSet{name='treasure2:small_zombie_group', category='zombies', biomeWhitelist=[], biomeBlacklist=[], count=IntegerRange [min=1, max=3], mobs=[WeightedMob{name='minecraft:zombie', weight=90}, WeightedMob{name='minecraft:zombie_villager', weight=10}]}
2024-11-28 22:58:40,071 [Thread-5] INFO treasure2 | Config.java:759 | adding mobset to map -> MobSet{name='treasure2:medium_zombie_group', category='zombies', biomeWhitelist=[], biomeBlacklist=[], count=IntegerRange [min=2, max=5], mobs=[WeightedMob{name='minecraft:zombie', weight=90}, WeightedMob{name='minecraft:zombie_villager', weight=10}]}
2024-11-28 22:58:40,072 [Thread-5] INFO treasure2 | Config.java:750 | transforming mob set config...
2024-11-28 22:58:40,073 [Thread-5] INFO treasure2 | Config.java:759 | adding mobset to map -> MobSet{name='treasure2:wishing_well_group', category='wishing_wells', biomeWhitelist=[], biomeBlacklist=[], count=IntegerRange [min=1, max=3], mobs=[WeightedMob{name='minecraft:zombie', weight=35}, WeightedMob{name='minecraft:zombie_villager', weight=10}, WeightedMob{name='minecraft:skeleton', weight=35}, WeightedMob{name='minecraft:vex', weight=20}, WeightedMob{name='minecraft:creeper', weight=15}, WeightedMob{name='minecraft:slime', weight=5}]}
2024-11-28 22:58:40,073 [Thread-5] INFO treasure2 | Config.java:759 | adding mobset to map -> MobSet{name='treasure2:small_zombie_group', category='zombies', biomeWhitelist=[], biomeBlacklist=[], count=IntegerRange [min=1, max=3], mobs=[WeightedMob{name='minecraft:zombie', weight=90}, WeightedMob{name='minecraft:zombie_villager', weight=10}]}
2024-11-28 22:58:40,074 [Thread-5] INFO treasure2 | Config.java:759 | adding mobset to map -> MobSet{name='treasure2:medium_zombie_group', category='zombies', biomeWhitelist=[], biomeBlacklist=[], count=IntegerRange [min=2, max=5], mobs=[WeightedMob{name='minecraft:zombie', weight=90}, WeightedMob{name='minecraft:zombie_villager', weight=10}]}
2024-11-28 22:58:40,683 [Server thread] INFO treasure2 | WorldEventHandler.java:54 | In world load event
2024-11-28 22:58:40,685 [Server thread] INFO treasure2 | WorldEventHandler.java:64 | In world load event for dimension minecraft:overworld
2024-11-28 22:58:40,695 [Server thread] INFO treasure2 | MobSetRegistry.java:37 | mobSetConfig optional ...
2024-11-28 22:58:40,695 [Server thread] INFO treasure2 | MobSetRegistry.java:39 | mobSetConfig is present
2024-11-28 22:58:41,068 [Server thread] WARN treasure2 | TreasureTemplateRegistry.java:791 | biome -> 'minecraft:desert' is not registgered
2024-11-28 22:58:41,068 [Server thread] WARN treasure2 | TreasureTemplateRegistry.java:791 | biome -> 'minecraft:desert' is not registgered
2024-11-28 22:58:41,068 [Server thread] WARN treasure2 | TreasureTemplateRegistry.java:791 | biome -> 'minecraft:desert' is not registgered
2024-11-28 22:58:41,068 [Server thread] WARN treasure2 | TreasureTemplateRegistry.java:791 | biome -> 'minecraft:desert' is not registgered
2024-11-28 22:58:41,069 [Server thread] WARN treasure2 | TreasureTemplateRegistry.java:791 | biome -> 'minecraft:desert' is not registgered
2024-11-28 22:58:41,069 [Server thread] WARN treasure2 | TreasureTemplateRegistry.java:791 | biome -> 'minecraft:desert' is not registgered
2024-11-28 22:58:41,069 [Server thread] WARN treasure2 | TreasureTemplateRegistry.java:791 | biome -> 'minecraft:desert' is not registgered
2024-11-28 22:58:41,069 [Server thread] WARN treasure2 | TreasureTemplateRegistry.java:791 | biome -> 'minecraft:desert' is not registgered
2024-11-28 22:58:47,663 [Server thread] INFO treasure2 | WorldEventHandler.java:54 | In world load event
2024-11-28 22:58:47,663 [Server thread] INFO treasure2 | WorldEventHandler.java:64 | In world load event for dimension minecraft:the_nether
2024-11-28 22:58:47,697 [Server thread] INFO treasure2 | WorldEventHandler.java:54 | In world load event
2024-11-28 22:58:47,697 [Server thread] INFO treasure2 | WorldEventHandler.java:64 | In world load event for dimension minecraft:the_end
2024-11-28 23:07:24,796 [Server thread] WARN treasure2 | DeferredGeneratorBlockEntity.java:120 | unable to locate rarity config for rarity - >UNCOMMON
